{"total": {"lines":{"total":1014,"covered":918,"skipped":0,"pct":90.53},"statements":{"total":1022,"covered":925,"skipped":0,"pct":90.5},"functions":{"total":129,"covered":129,"skipped":0,"pct":100},"branches":{"total":234,"covered":168,"skipped":0,"pct":71.79},"branchesTrue":{"total":0,"covered":0,"skipped":0,"pct":100}}
,"C:\\Users\\Iqbal Ardy Putra\\training\\final-project-backup\\gradxpert-final-project-be\\app.js": {"lines":{"total":15,"covered":15,"skipped":0,"pct":100},"functions":{"total":0,"covered":0,"skipped":0,"pct":100},"statements":{"total":15,"covered":15,"skipped":0,"pct":100},"branches":{"total":2,"covered":1,"skipped":0,"pct":50}}
,"C:\\Users\\Iqbal Ardy Putra\\training\\final-project-backup\\gradxpert-final-project-be\\config\\sequelize.config.js": {"lines":{"total":2,"covered":2,"skipped":0,"pct":100},"functions":{"total":0,"covered":0,"skipped":0,"pct":100},"statements":{"total":2,"covered":2,"skipped":0,"pct":100},"branches":{"total":0,"covered":0,"skipped":0,"pct":100}}
,"C:\\Users\\Iqbal Ardy Putra\\training\\final-project-backup\\gradxpert-final-project-be\\controllers\\auth.js": {"lines":{"total":16,"covered":16,"skipped":0,"pct":100},"functions":{"total":2,"covered":2,"skipped":0,"pct":100},"statements":{"total":16,"covered":16,"skipped":0,"pct":100},"branches":{"total":0,"covered":0,"skipped":0,"pct":100}}
,"C:\\Users\\Iqbal Ardy Putra\\training\\final-project-backup\\gradxpert-final-project-be\\controllers\\index.js": {"lines":{"total":6,"covered":6,"skipped":0,"pct":100},"functions":{"total":0,"covered":0,"skipped":0,"pct":100},"statements":{"total":6,"covered":6,"skipped":0,"pct":100},"branches":{"total":0,"covered":0,"skipped":0,"pct":100}}
,"C:\\Users\\Iqbal Ardy Putra\\training\\final-project-backup\\gradxpert-final-project-be\\controllers\\review.js": {"lines":{"total":29,"covered":29,"skipped":0,"pct":100},"functions":{"total":4,"covered":4,"skipped":0,"pct":100},"statements":{"total":29,"covered":29,"skipped":0,"pct":100},"branches":{"total":0,"covered":0,"skipped":0,"pct":100}}
,"C:\\Users\\Iqbal Ardy Putra\\training\\final-project-backup\\gradxpert-final-project-be\\controllers\\service.js": {"lines":{"total":50,"covered":48,"skipped":0,"pct":96},"functions":{"total":6,"covered":6,"skipped":0,"pct":100},"statements":{"total":50,"covered":48,"skipped":0,"pct":96},"branches":{"total":14,"covered":12,"skipped":0,"pct":85.71}}
,"C:\\Users\\Iqbal Ardy Putra\\training\\final-project-backup\\gradxpert-final-project-be\\controllers\\serviceType.js": {"lines":{"total":34,"covered":32,"skipped":0,"pct":94.11},"functions":{"total":5,"covered":5,"skipped":0,"pct":100},"statements":{"total":34,"covered":32,"skipped":0,"pct":94.11},"branches":{"total":0,"covered":0,"skipped":0,"pct":100}}
,"C:\\Users\\Iqbal Ardy Putra\\training\\final-project-backup\\gradxpert-final-project-be\\controllers\\user.js": {"lines":{"total":34,"covered":32,"skipped":0,"pct":94.11},"functions":{"total":4,"covered":4,"skipped":0,"pct":100},"statements":{"total":34,"covered":32,"skipped":0,"pct":94.11},"branches":{"total":6,"covered":4,"skipped":0,"pct":66.66}}
,"C:\\Users\\Iqbal Ardy Putra\\training\\final-project-backup\\gradxpert-final-project-be\\helper\\customErrorMsgs.js": {"lines":{"total":1,"covered":1,"skipped":0,"pct":100},"functions":{"total":0,"covered":0,"skipped":0,"pct":100},"statements":{"total":1,"covered":1,"skipped":0,"pct":100},"branches":{"total":0,"covered":0,"skipped":0,"pct":100}}
,"C:\\Users\\Iqbal Ardy Putra\\training\\final-project-backup\\gradxpert-final-project-be\\helper\\db.js": {"lines":{"total":7,"covered":4,"skipped":0,"pct":57.14},"functions":{"total":1,"covered":1,"skipped":0,"pct":100},"statements":{"total":7,"covered":4,"skipped":0,"pct":57.14},"branches":{"total":0,"covered":0,"skipped":0,"pct":100}}
,"C:\\Users\\Iqbal Ardy Putra\\training\\final-project-backup\\gradxpert-final-project-be\\helper\\error.js": {"lines":{"total":8,"covered":8,"skipped":0,"pct":100},"functions":{"total":3,"covered":3,"skipped":0,"pct":100},"statements":{"total":8,"covered":8,"skipped":0,"pct":100},"branches":{"total":3,"covered":3,"skipped":0,"pct":100}}
,"C:\\Users\\Iqbal Ardy Putra\\training\\final-project-backup\\gradxpert-final-project-be\\helper\\generalUtil.js": {"lines":{"total":10,"covered":10,"skipped":0,"pct":100},"functions":{"total":1,"covered":1,"skipped":0,"pct":100},"statements":{"total":10,"covered":10,"skipped":0,"pct":100},"branches":{"total":10,"covered":8,"skipped":0,"pct":80}}
,"C:\\Users\\Iqbal Ardy Putra\\training\\final-project-backup\\gradxpert-final-project-be\\helper\\httpStatusCodes.js": {"lines":{"total":4,"covered":4,"skipped":0,"pct":100},"functions":{"total":1,"covered":1,"skipped":0,"pct":100},"statements":{"total":5,"covered":5,"skipped":0,"pct":100},"branches":{"total":0,"covered":0,"skipped":0,"pct":100}}
,"C:\\Users\\Iqbal Ardy Putra\\training\\final-project-backup\\gradxpert-final-project-be\\helper\\output.js": {"lines":{"total":5,"covered":5,"skipped":0,"pct":100},"functions":{"total":2,"covered":2,"skipped":0,"pct":100},"statements":{"total":5,"covered":5,"skipped":0,"pct":100},"branches":{"total":2,"covered":2,"skipped":0,"pct":100}}
,"C:\\Users\\Iqbal Ardy Putra\\training\\final-project-backup\\gradxpert-final-project-be\\helper\\testUtil.js": {"lines":{"total":17,"covered":17,"skipped":0,"pct":100},"functions":{"total":2,"covered":2,"skipped":0,"pct":100},"statements":{"total":19,"covered":19,"skipped":0,"pct":100},"branches":{"total":2,"covered":2,"skipped":0,"pct":100}}
,"C:\\Users\\Iqbal Ardy Putra\\training\\final-project-backup\\gradxpert-final-project-be\\middlewares\\auth.js": {"lines":{"total":41,"covered":40,"skipped":0,"pct":97.56},"functions":{"total":4,"covered":4,"skipped":0,"pct":100},"statements":{"total":41,"covered":40,"skipped":0,"pct":97.56},"branches":{"total":10,"covered":9,"skipped":0,"pct":90}}
,"C:\\Users\\Iqbal Ardy Putra\\training\\final-project-backup\\gradxpert-final-project-be\\middlewares\\index.js": {"lines":{"total":6,"covered":6,"skipped":0,"pct":100},"functions":{"total":0,"covered":0,"skipped":0,"pct":100},"statements":{"total":6,"covered":6,"skipped":0,"pct":100},"branches":{"total":0,"covered":0,"skipped":0,"pct":100}}
,"C:\\Users\\Iqbal Ardy Putra\\training\\final-project-backup\\gradxpert-final-project-be\\middlewares\\review.js": {"lines":{"total":28,"covered":28,"skipped":0,"pct":100},"functions":{"total":3,"covered":3,"skipped":0,"pct":100},"statements":{"total":28,"covered":28,"skipped":0,"pct":100},"branches":{"total":6,"covered":6,"skipped":0,"pct":100}}
,"C:\\Users\\Iqbal Ardy Putra\\training\\final-project-backup\\gradxpert-final-project-be\\middlewares\\service.js": {"lines":{"total":45,"covered":45,"skipped":0,"pct":100},"functions":{"total":5,"covered":5,"skipped":0,"pct":100},"statements":{"total":45,"covered":45,"skipped":0,"pct":100},"branches":{"total":10,"covered":10,"skipped":0,"pct":100}}
,"C:\\Users\\Iqbal Ardy Putra\\training\\final-project-backup\\gradxpert-final-project-be\\middlewares\\serviceType.js": {"lines":{"total":29,"covered":29,"skipped":0,"pct":100},"functions":{"total":3,"covered":3,"skipped":0,"pct":100},"statements":{"total":29,"covered":29,"skipped":0,"pct":100},"branches":{"total":6,"covered":6,"skipped":0,"pct":100}}
,"C:\\Users\\Iqbal Ardy Putra\\training\\final-project-backup\\gradxpert-final-project-be\\middlewares\\user.js": {"lines":{"total":28,"covered":28,"skipped":0,"pct":100},"functions":{"total":3,"covered":3,"skipped":0,"pct":100},"statements":{"total":28,"covered":28,"skipped":0,"pct":100},"branches":{"total":6,"covered":6,"skipped":0,"pct":100}}
,"C:\\Users\\Iqbal Ardy Putra\\training\\final-project-backup\\gradxpert-final-project-be\\models\\image.js": {"lines":{"total":5,"covered":5,"skipped":0,"pct":100},"functions":{"total":2,"covered":2,"skipped":0,"pct":100},"statements":{"total":5,"covered":5,"skipped":0,"pct":100},"branches":{"total":0,"covered":0,"skipped":0,"pct":100}}
,"C:\\Users\\Iqbal Ardy Putra\\training\\final-project-backup\\gradxpert-final-project-be\\models\\index.js": {"lines":{"total":17,"covered":17,"skipped":0,"pct":100},"functions":{"total":2,"covered":2,"skipped":0,"pct":100},"statements":{"total":19,"covered":18,"skipped":0,"pct":94.73},"branches":{"total":6,"covered":4,"skipped":0,"pct":66.66}}
,"C:\\Users\\Iqbal Ardy Putra\\training\\final-project-backup\\gradxpert-final-project-be\\models\\pivotImage.js": {"lines":{"total":5,"covered":5,"skipped":0,"pct":100},"functions":{"total":2,"covered":2,"skipped":0,"pct":100},"statements":{"total":5,"covered":5,"skipped":0,"pct":100},"branches":{"total":0,"covered":0,"skipped":0,"pct":100}}
,"C:\\Users\\Iqbal Ardy Putra\\training\\final-project-backup\\gradxpert-final-project-be\\models\\review.js": {"lines":{"total":6,"covered":6,"skipped":0,"pct":100},"functions":{"total":2,"covered":2,"skipped":0,"pct":100},"statements":{"total":6,"covered":6,"skipped":0,"pct":100},"branches":{"total":0,"covered":0,"skipped":0,"pct":100}}
,"C:\\Users\\Iqbal Ardy Putra\\training\\final-project-backup\\gradxpert-final-project-be\\models\\service.js": {"lines":{"total":6,"covered":6,"skipped":0,"pct":100},"functions":{"total":2,"covered":2,"skipped":0,"pct":100},"statements":{"total":6,"covered":6,"skipped":0,"pct":100},"branches":{"total":0,"covered":0,"skipped":0,"pct":100}}
,"C:\\Users\\Iqbal Ardy Putra\\training\\final-project-backup\\gradxpert-final-project-be\\models\\serviceType.js": {"lines":{"total":5,"covered":5,"skipped":0,"pct":100},"functions":{"total":2,"covered":2,"skipped":0,"pct":100},"statements":{"total":5,"covered":5,"skipped":0,"pct":100},"branches":{"total":0,"covered":0,"skipped":0,"pct":100}}
,"C:\\Users\\Iqbal Ardy Putra\\training\\final-project-backup\\gradxpert-final-project-be\\models\\user.js": {"lines":{"total":5,"covered":5,"skipped":0,"pct":100},"functions":{"total":2,"covered":2,"skipped":0,"pct":100},"statements":{"total":5,"covered":5,"skipped":0,"pct":100},"branches":{"total":0,"covered":0,"skipped":0,"pct":100}}
,"C:\\Users\\Iqbal Ardy Putra\\training\\final-project-backup\\gradxpert-final-project-be\\repositories\\index.js": {"lines":{"total":5,"covered":5,"skipped":0,"pct":100},"functions":{"total":0,"covered":0,"skipped":0,"pct":100},"statements":{"total":5,"covered":5,"skipped":0,"pct":100},"branches":{"total":0,"covered":0,"skipped":0,"pct":100}}
,"C:\\Users\\Iqbal Ardy Putra\\training\\final-project-backup\\gradxpert-final-project-be\\repositories\\review.js": {"lines":{"total":54,"covered":39,"skipped":0,"pct":72.22},"functions":{"total":9,"covered":9,"skipped":0,"pct":100},"statements":{"total":56,"covered":41,"skipped":0,"pct":73.21},"branches":{"total":14,"covered":6,"skipped":0,"pct":42.85}}
,"C:\\Users\\Iqbal Ardy Putra\\training\\final-project-backup\\gradxpert-final-project-be\\repositories\\service.js": {"lines":{"total":51,"covered":34,"skipped":0,"pct":66.66},"functions":{"total":9,"covered":9,"skipped":0,"pct":100},"statements":{"total":52,"covered":35,"skipped":0,"pct":67.3},"branches":{"total":13,"covered":5,"skipped":0,"pct":38.46}}
,"C:\\Users\\Iqbal Ardy Putra\\training\\final-project-backup\\gradxpert-final-project-be\\repositories\\serviceType.js": {"lines":{"total":45,"covered":30,"skipped":0,"pct":66.66},"functions":{"total":8,"covered":8,"skipped":0,"pct":100},"statements":{"total":45,"covered":30,"skipped":0,"pct":66.66},"branches":{"total":0,"covered":0,"skipped":0,"pct":100}}
,"C:\\Users\\Iqbal Ardy Putra\\training\\final-project-backup\\gradxpert-final-project-be\\repositories\\user.js": {"lines":{"total":50,"covered":35,"skipped":0,"pct":70},"functions":{"total":9,"covered":9,"skipped":0,"pct":100},"statements":{"total":50,"covered":35,"skipped":0,"pct":70},"branches":{"total":9,"covered":0,"skipped":0,"pct":0}}
,"C:\\Users\\Iqbal Ardy Putra\\training\\final-project-backup\\gradxpert-final-project-be\\routes\\apiV1.js": {"lines":{"total":26,"covered":26,"skipped":0,"pct":100},"functions":{"total":0,"covered":0,"skipped":0,"pct":100},"statements":{"total":26,"covered":26,"skipped":0,"pct":100},"branches":{"total":0,"covered":0,"skipped":0,"pct":100}}
,"C:\\Users\\Iqbal Ardy Putra\\training\\final-project-backup\\gradxpert-final-project-be\\routes\\index.js": {"lines":{"total":3,"covered":3,"skipped":0,"pct":100},"functions":{"total":0,"covered":0,"skipped":0,"pct":100},"statements":{"total":3,"covered":3,"skipped":0,"pct":100},"branches":{"total":0,"covered":0,"skipped":0,"pct":100}}
,"C:\\Users\\Iqbal Ardy Putra\\training\\final-project-backup\\gradxpert-final-project-be\\routes\\root.js": {"lines":{"total":5,"covered":5,"skipped":0,"pct":100},"functions":{"total":1,"covered":1,"skipped":0,"pct":100},"statements":{"total":5,"covered":5,"skipped":0,"pct":100},"branches":{"total":0,"covered":0,"skipped":0,"pct":100}}
,"C:\\Users\\Iqbal Ardy Putra\\training\\final-project-backup\\gradxpert-final-project-be\\services\\auth.js": {"lines":{"total":35,"covered":31,"skipped":0,"pct":88.57},"functions":{"total":3,"covered":3,"skipped":0,"pct":100},"statements":{"total":35,"covered":31,"skipped":0,"pct":88.57},"branches":{"total":10,"covered":7,"skipped":0,"pct":70}}
,"C:\\Users\\Iqbal Ardy Putra\\training\\final-project-backup\\gradxpert-final-project-be\\services\\index.js": {"lines":{"total":6,"covered":6,"skipped":0,"pct":100},"functions":{"total":0,"covered":0,"skipped":0,"pct":100},"statements":{"total":6,"covered":6,"skipped":0,"pct":100},"branches":{"total":0,"covered":0,"skipped":0,"pct":100}}
,"C:\\Users\\Iqbal Ardy Putra\\training\\final-project-backup\\gradxpert-final-project-be\\services\\review.js": {"lines":{"total":79,"covered":71,"skipped":0,"pct":89.87},"functions":{"total":7,"covered":7,"skipped":0,"pct":100},"statements":{"total":79,"covered":71,"skipped":0,"pct":89.87},"branches":{"total":22,"covered":15,"skipped":0,"pct":68.18}}
,"C:\\Users\\Iqbal Ardy Putra\\training\\final-project-backup\\gradxpert-final-project-be\\services\\service.js": {"lines":{"total":71,"covered":65,"skipped":0,"pct":91.54},"functions":{"total":9,"covered":9,"skipped":0,"pct":100},"statements":{"total":71,"covered":65,"skipped":0,"pct":91.54},"branches":{"total":40,"covered":30,"skipped":0,"pct":75}}
,"C:\\Users\\Iqbal Ardy Putra\\training\\final-project-backup\\gradxpert-final-project-be\\services\\serviceType.js": {"lines":{"total":35,"covered":34,"skipped":0,"pct":97.14},"functions":{"total":5,"covered":5,"skipped":0,"pct":100},"statements":{"total":35,"covered":34,"skipped":0,"pct":97.14},"branches":{"total":8,"covered":8,"skipped":0,"pct":100}}
,"C:\\Users\\Iqbal Ardy Putra\\training\\final-project-backup\\gradxpert-final-project-be\\services\\user.js": {"lines":{"total":85,"covered":80,"skipped":0,"pct":94.11},"functions":{"total":6,"covered":6,"skipped":0,"pct":100},"statements":{"total":85,"covered":80,"skipped":0,"pct":94.11},"branches":{"total":35,"covered":24,"skipped":0,"pct":68.57}}
}
