{"total": {"lines":{"total":164,"covered":108,"skipped":0,"pct":65.85},"statements":{"total":167,"covered":110,"skipped":0,"pct":65.86},"functions":{"total":23,"covered":15,"skipped":0,"pct":65.21},"branches":{"total":24,"covered":7,"skipped":0,"pct":29.16},"branchesTrue":{"total":0,"covered":0,"skipped":0,"pct":100}}
,"C:\\Users\\Iqbal Ardy Putra\\training\\gradxpert-final-project-be\\app.js": {"lines":{"total":11,"covered":11,"skipped":0,"pct":100},"functions":{"total":0,"covered":0,"skipped":0,"pct":100},"statements":{"total":11,"covered":11,"skipped":0,"pct":100},"branches":{"total":0,"covered":0,"skipped":0,"pct":100}}
,"C:\\Users\\Iqbal Ardy Putra\\training\\gradxpert-final-project-be\\config\\sequelize.config.js": {"lines":{"total":2,"covered":2,"skipped":0,"pct":100},"functions":{"total":0,"covered":0,"skipped":0,"pct":100},"statements":{"total":2,"covered":2,"skipped":0,"pct":100},"branches":{"total":0,"covered":0,"skipped":0,"pct":100}}
,"C:\\Users\\Iqbal Ardy Putra\\training\\gradxpert-final-project-be\\controllers\\auth.js": {"lines":{"total":16,"covered":4,"skipped":0,"pct":25},"functions":{"total":2,"covered":0,"skipped":0,"pct":0},"statements":{"total":16,"covered":4,"skipped":0,"pct":25},"branches":{"total":0,"covered":0,"skipped":0,"pct":100}}
,"C:\\Users\\Iqbal Ardy Putra\\training\\gradxpert-final-project-be\\controllers\\index.js": {"lines":{"total":2,"covered":2,"skipped":0,"pct":100},"functions":{"total":0,"covered":0,"skipped":0,"pct":100},"statements":{"total":2,"covered":2,"skipped":0,"pct":100},"branches":{"total":0,"covered":0,"skipped":0,"pct":100}}
,"C:\\Users\\Iqbal Ardy Putra\\training\\gradxpert-final-project-be\\helper\\error.js": {"lines":{"total":2,"covered":2,"skipped":0,"pct":100},"functions":{"total":0,"covered":0,"skipped":0,"pct":100},"statements":{"total":2,"covered":2,"skipped":0,"pct":100},"branches":{"total":0,"covered":0,"skipped":0,"pct":100}}
,"C:\\Users\\Iqbal Ardy Putra\\training\\gradxpert-final-project-be\\helper\\httpStatusCodes.js": {"lines":{"total":4,"covered":4,"skipped":0,"pct":100},"functions":{"total":1,"covered":1,"skipped":0,"pct":100},"statements":{"total":5,"covered":5,"skipped":0,"pct":100},"branches":{"total":0,"covered":0,"skipped":0,"pct":100}}
,"C:\\Users\\Iqbal Ardy Putra\\training\\gradxpert-final-project-be\\helper\\output.js": {"lines":{"total":5,"covered":5,"skipped":0,"pct":100},"functions":{"total":2,"covered":2,"skipped":0,"pct":100},"statements":{"total":5,"covered":5,"skipped":0,"pct":100},"branches":{"total":2,"covered":2,"skipped":0,"pct":100}}
,"C:\\Users\\Iqbal Ardy Putra\\training\\gradxpert-final-project-be\\middlewares\\auth.js": {"lines":{"total":16,"covered":9,"skipped":0,"pct":56.25},"functions":{"total":2,"covered":1,"skipped":0,"pct":50},"statements":{"total":16,"covered":9,"skipped":0,"pct":56.25},"branches":{"total":4,"covered":1,"skipped":0,"pct":25}}
,"C:\\Users\\Iqbal Ardy Putra\\training\\gradxpert-final-project-be\\middlewares\\index.js": {"lines":{"total":2,"covered":2,"skipped":0,"pct":100},"functions":{"total":0,"covered":0,"skipped":0,"pct":100},"statements":{"total":2,"covered":2,"skipped":0,"pct":100},"branches":{"total":0,"covered":0,"skipped":0,"pct":100}}
,"C:\\Users\\Iqbal Ardy Putra\\training\\gradxpert-final-project-be\\models\\index.js": {"lines":{"total":17,"covered":17,"skipped":0,"pct":100},"functions":{"total":2,"covered":2,"skipped":0,"pct":100},"statements":{"total":19,"covered":18,"skipped":0,"pct":94.73},"branches":{"total":6,"covered":4,"skipped":0,"pct":66.66}}
,"C:\\Users\\Iqbal Ardy Putra\\training\\gradxpert-final-project-be\\models\\review.js": {"lines":{"total":6,"covered":6,"skipped":0,"pct":100},"functions":{"total":2,"covered":2,"skipped":0,"pct":100},"statements":{"total":6,"covered":6,"skipped":0,"pct":100},"branches":{"total":0,"covered":0,"skipped":0,"pct":100}}
,"C:\\Users\\Iqbal Ardy Putra\\training\\gradxpert-final-project-be\\models\\service.js": {"lines":{"total":6,"covered":6,"skipped":0,"pct":100},"functions":{"total":2,"covered":2,"skipped":0,"pct":100},"statements":{"total":6,"covered":6,"skipped":0,"pct":100},"branches":{"total":0,"covered":0,"skipped":0,"pct":100}}
,"C:\\Users\\Iqbal Ardy Putra\\training\\gradxpert-final-project-be\\models\\service_type.js": {"lines":{"total":5,"covered":5,"skipped":0,"pct":100},"functions":{"total":2,"covered":2,"skipped":0,"pct":100},"statements":{"total":5,"covered":5,"skipped":0,"pct":100},"branches":{"total":0,"covered":0,"skipped":0,"pct":100}}
,"C:\\Users\\Iqbal Ardy Putra\\training\\gradxpert-final-project-be\\models\\user.js": {"lines":{"total":6,"covered":6,"skipped":0,"pct":100},"functions":{"total":2,"covered":2,"skipped":0,"pct":100},"statements":{"total":6,"covered":6,"skipped":0,"pct":100},"branches":{"total":0,"covered":0,"skipped":0,"pct":100}}
,"C:\\Users\\Iqbal Ardy Putra\\training\\gradxpert-final-project-be\\routes\\apiV1.js": {"lines":{"total":7,"covered":7,"skipped":0,"pct":100},"functions":{"total":0,"covered":0,"skipped":0,"pct":100},"statements":{"total":7,"covered":7,"skipped":0,"pct":100},"branches":{"total":0,"covered":0,"skipped":0,"pct":100}}
,"C:\\Users\\Iqbal Ardy Putra\\training\\gradxpert-final-project-be\\routes\\index.js": {"lines":{"total":3,"covered":3,"skipped":0,"pct":100},"functions":{"total":0,"covered":0,"skipped":0,"pct":100},"statements":{"total":3,"covered":3,"skipped":0,"pct":100},"branches":{"total":0,"covered":0,"skipped":0,"pct":100}}
,"C:\\Users\\Iqbal Ardy Putra\\training\\gradxpert-final-project-be\\routes\\root.js": {"lines":{"total":5,"covered":5,"skipped":0,"pct":100},"functions":{"total":1,"covered":1,"skipped":0,"pct":100},"statements":{"total":5,"covered":5,"skipped":0,"pct":100},"branches":{"total":0,"covered":0,"skipped":0,"pct":100}}
,"C:\\Users\\Iqbal Ardy Putra\\training\\gradxpert-final-project-be\\services\\auth.js": {"lines":{"total":26,"covered":6,"skipped":0,"pct":23.07},"functions":{"total":2,"covered":0,"skipped":0,"pct":0},"statements":{"total":26,"covered":6,"skipped":0,"pct":23.07},"branches":{"total":6,"covered":0,"skipped":0,"pct":0}}
,"C:\\Users\\Iqbal Ardy Putra\\training\\gradxpert-final-project-be\\services\\index.js": {"lines":{"total":3,"covered":3,"skipped":0,"pct":100},"functions":{"total":0,"covered":0,"skipped":0,"pct":100},"statements":{"total":3,"covered":3,"skipped":0,"pct":100},"branches":{"total":0,"covered":0,"skipped":0,"pct":100}}
,"C:\\Users\\Iqbal Ardy Putra\\training\\gradxpert-final-project-be\\services\\user.js": {"lines":{"total":20,"covered":3,"skipped":0,"pct":15},"functions":{"total":3,"covered":0,"skipped":0,"pct":0},"statements":{"total":20,"covered":3,"skipped":0,"pct":15},"branches":{"total":6,"covered":0,"skipped":0,"pct":0}}
}
